<?xml version="1.0" encoding="UTF-8"?>
<!-- Generated by org.testng.reporters.JUnitReportReporter -->
<testsuite skipped="0" hostname="LAPTOP-THF43ONF" name="com.indee.qa.tests.HomePageTests" tests="1" failures="0" timestamp="03 Apr 2020 13:42:11 GMT" time="19.789" errors="0">
  <testcase name="verifyColorsAndFlow" time="19.789" classname="com.indee.qa.tests.HomePageTests"/>
</testsuite> <!-- com.indee.qa.tests.HomePageTests -->
